[2021-11-02 16:07:57] local.ERROR: 2021-11-02 16:07:57:
```SQLSTATE[HY000] [1045] Access denied for user 'forge'@'localhost' (using password: NO) (SQL: select * from `admin_config`)```
*File* `C:\xampp\htdocs\BlackCart\vendor\laravel\framework\src\Illuminate\Database\Connection.php`, *Line:* 692, *Code:* 1045
URL= http://backblack.com/_debugbar/open
  
[2021-11-02 16:07:57] local.ERROR: SQLSTATE[HY000] [1045] Access denied for user 'forge'@'localhost' (using password: NO) (SQL: select * from `admin_config`) {"exception":"[object] (Illuminate\\Database\\QueryException(code: 1045): SQLSTATE[HY000] [1045] Access denied for user 'forge'@'localhost' (using password: NO) (SQL: select * from `admin_config`) at C:\\xampp\\htdocs\\BlackCart\\vendor\\laravel\\framework\\src\\Illuminate\\Database\\Connection.php:692)
[stacktrace]
#0 C:\\xampp\\htdocs\\BlackCart\\vendor\\laravel\\framework\\src\\Illuminate\\Database\\Connection.php(652): Illuminate\\Database\\Connection->runQueryCallback('select * from `...', Array, Object(Closure))
#1 C:\\xampp\\htdocs\\BlackCart\\vendor\\laravel\\framework\\src\\Illuminate\\Database\\Connection.php(360): Illuminate\\Database\\Connection->run('select * from `...', Array, Object(Closure))
#2 C:\\xampp\\htdocs\\BlackCart\\vendor\\laravel\\framework\\src\\Illuminate\\Database\\Query\\Builder.php(2350): Illuminate\\Database\\Connection->select('select * from `...', Array, true)
#3 C:\\xampp\\htdocs\\BlackCart\\vendor\\laravel\\framework\\src\\Illuminate\\Database\\Query\\Builder.php(2338): Illuminate\\Database\\Query\\Builder->runSelect()
#4 C:\\xampp\\htdocs\\BlackCart\\vendor\\laravel\\framework\\src\\Illuminate\\Database\\Query\\Builder.php(2872): Illuminate\\Database\\Query\\Builder->Illuminate\\Database\\Query\\{closure}()
#5 C:\\xampp\\htdocs\\BlackCart\\vendor\\laravel\\framework\\src\\Illuminate\\Database\\Query\\Builder.php(2339): Illuminate\\Database\\Query\\Builder->onceWithColumns(Array, Object(Closure))
#6 C:\\xampp\\htdocs\\BlackCart\\vendor\\laravel\\framework\\src\\Illuminate\\Database\\Eloquent\\Builder.php(615): Illuminate\\Database\\Query\\Builder->get(Array)
#7 C:\\xampp\\htdocs\\BlackCart\\vendor\\laravel\\framework\\src\\Illuminate\\Database\\Eloquent\\Builder.php(599): Illuminate\\Database\\Eloquent\\Builder->getModels(Array)
#8 C:\\xampp\\htdocs\\BlackCart\\vendor\\laravel\\framework\\src\\Illuminate\\Support\\Traits\\ForwardsCalls.php(23): Illuminate\\Database\\Eloquent\\Builder->get()
#9 C:\\xampp\\htdocs\\BlackCart\\vendor\\laravel\\framework\\src\\Illuminate\\Database\\Eloquent\\Model.php(2091): Illuminate\\Database\\Eloquent\\Model->forwardCallTo(Object(Illuminate\\Database\\Eloquent\\Builder), 'get', Array)
#10 C:\\xampp\\htdocs\\BlackCart\\vendor\\laravel\\framework\\src\\Illuminate\\Database\\Eloquent\\Model.php(2103): Illuminate\\Database\\Eloquent\\Model->__call('get', Array)
#11 C:\\xampp\\htdocs\\BlackCart\\vendor\\black-cart\\core\\src\\Admin\\Models\\AdminConfig.php(122): Illuminate\\Database\\Eloquent\\Model::__callStatic('get', Array)
#12 C:\\xampp\\htdocs\\BlackCart\\vendor\\black-cart\\core\\src\\Library\\Helpers\\system.php(41): BlackCart\\Core\\Admin\\Models\\AdminConfig::getAllConfigOfStore(NULL)
#13 C:\\xampp\\htdocs\\BlackCart\\app\\Plugins\\Other\\ProductSale\\Provider.php(7): bc_config('ProductSale')
#14 C:\\xampp\\htdocs\\BlackCart\\vendor\\black-cart\\core\\src\\BlackCartServiceProvider.php(56): require_once('C:\\\\xampp\\\\htdocs...')
#15 C:\\xampp\\htdocs\\BlackCart\\vendor\\laravel\\framework\\src\\Illuminate\\Container\\BoundMethod.php(36): BlackCart\\Core\\BlackCartServiceProvider->boot()
#16 C:\\xampp\\htdocs\\BlackCart\\vendor\\laravel\\framework\\src\\Illuminate\\Container\\Util.php(40): Illuminate\\Container\\BoundMethod::Illuminate\\Container\\{closure}()
#17 C:\\xampp\\htdocs\\BlackCart\\vendor\\laravel\\framework\\src\\Illuminate\\Container\\BoundMethod.php(93): Illuminate\\Container\\Util::unwrapIfClosure(Object(Closure))
#18 C:\\xampp\\htdocs\\BlackCart\\vendor\\laravel\\framework\\src\\Illuminate\\Container\\BoundMethod.php(37): Illuminate\\Container\\BoundMethod::callBoundMethod(Object(Illuminate\\Foundation\\Application), Array, Object(Closure))
#19 C:\\xampp\\htdocs\\BlackCart\\vendor\\laravel\\framework\\src\\Illuminate\\Container\\Container.php(651): Illuminate\\Container\\BoundMethod::call(Object(Illuminate\\Foundation\\Application), Array, Array, NULL)
#20 C:\\xampp\\htdocs\\BlackCart\\vendor\\laravel\\framework\\src\\Illuminate\\Foundation\\Application.php(914): Illuminate\\Container\\Container->call(Array)
#21 C:\\xampp\\htdocs\\BlackCart\\vendor\\laravel\\framework\\src\\Illuminate\\Foundation\\Application.php(895): Illuminate\\Foundation\\Application->bootProvider(Object(BlackCart\\Core\\BlackCartServiceProvider))
#22 [internal function]: Illuminate\\Foundation\\Application->Illuminate\\Foundation\\{closure}(Object(BlackCart\\Core\\BlackCartServiceProvider), 17)
#23 C:\\xampp\\htdocs\\BlackCart\\vendor\\laravel\\framework\\src\\Illuminate\\Foundation\\Application.php(896): array_walk(Array, Object(Closure))
#24 C:\\xampp\\htdocs\\BlackCart\\vendor\\laravel\\framework\\src\\Illuminate\\Foundation\\Bootstrap\\BootProviders.php(17): Illuminate\\Foundation\\Application->boot()
#25 C:\\xampp\\htdocs\\BlackCart\\vendor\\laravel\\framework\\src\\Illuminate\\Foundation\\Application.php(237): Illuminate\\Foundation\\Bootstrap\\BootProviders->bootstrap(Object(Illuminate\\Foundation\\Application))
#26 C:\\xampp\\htdocs\\BlackCart\\vendor\\laravel\\framework\\src\\Illuminate\\Foundation\\Http\\Kernel.php(152): Illuminate\\Foundation\\Application->bootstrapWith(Array)
#27 C:\\xampp\\htdocs\\BlackCart\\vendor\\laravel\\framework\\src\\Illuminate\\Foundation\\Http\\Kernel.php(136): Illuminate\\Foundation\\Http\\Kernel->bootstrap()
#28 C:\\xampp\\htdocs\\BlackCart\\vendor\\laravel\\framework\\src\\Illuminate\\Foundation\\Http\\Kernel.php(110): Illuminate\\Foundation\\Http\\Kernel->sendRequestThroughRouter(Object(Illuminate\\Http\\Request))
#29 C:\\xampp\\htdocs\\BlackCart\\public\\index.php(82): Illuminate\\Foundation\\Http\\Kernel->handle(Object(Illuminate\\Http\\Request))
#30 {main}

[previous exception] [object] (PDOException(code: 1045): SQLSTATE[HY000] [1045] Access denied for user 'forge'@'localhost' (using password: NO) at C:\\xampp\\htdocs\\BlackCart\\vendor\\laravel\\framework\\src\\Illuminate\\Database\\Connectors\\Connector.php:70)
[stacktrace]
#0 C:\\xampp\\htdocs\\BlackCart\\vendor\\laravel\\framework\\src\\Illuminate\\Database\\Connectors\\Connector.php(70): PDO->__construct('mysql:host=127....', 'forge', '', Array)
#1 C:\\xampp\\htdocs\\BlackCart\\vendor\\laravel\\framework\\src\\Illuminate\\Database\\Connectors\\Connector.php(46): Illuminate\\Database\\Connectors\\Connector->createPdoConnection('mysql:host=127....', 'forge', '', Array)
#2 C:\\xampp\\htdocs\\BlackCart\\vendor\\laravel\\framework\\src\\Illuminate\\Database\\Connectors\\MySqlConnector.php(24): Illuminate\\Database\\Connectors\\Connector->createConnection('mysql:host=127....', Array, Array)
#3 C:\\xampp\\htdocs\\BlackCart\\vendor\\laravel\\framework\\src\\Illuminate\\Database\\Connectors\\ConnectionFactory.php(184): Illuminate\\Database\\Connectors\\MySqlConnector->connect(Array)
#4 [internal function]: Illuminate\\Database\\Connectors\\ConnectionFactory->Illuminate\\Database\\Connectors\\{closure}()
#5 C:\\xampp\\htdocs\\BlackCart\\vendor\\laravel\\framework\\src\\Illuminate\\Database\\Connection.php(997): call_user_func(Object(Closure))
#6 C:\\xampp\\htdocs\\BlackCart\\vendor\\laravel\\framework\\src\\Illuminate\\Database\\Connection.php(1033): Illuminate\\Database\\Connection->getPdo()
#7 C:\\xampp\\htdocs\\BlackCart\\vendor\\laravel\\framework\\src\\Illuminate\\Database\\Connection.php(426): Illuminate\\Database\\Connection->getReadPdo()
#8 C:\\xampp\\htdocs\\BlackCart\\vendor\\laravel\\framework\\src\\Illuminate\\Database\\Connection.php(352): Illuminate\\Database\\Connection->getPdoForSelect(true)
#9 C:\\xampp\\htdocs\\BlackCart\\vendor\\laravel\\framework\\src\\Illuminate\\Database\\Connection.php(685): Illuminate\\Database\\Connection->Illuminate\\Database\\{closure}('select * from `...', Array)
#10 C:\\xampp\\htdocs\\BlackCart\\vendor\\laravel\\framework\\src\\Illuminate\\Database\\Connection.php(652): Illuminate\\Database\\Connection->runQueryCallback('select * from `...', Array, Object(Closure))
#11 C:\\xampp\\htdocs\\BlackCart\\vendor\\laravel\\framework\\src\\Illuminate\\Database\\Connection.php(360): Illuminate\\Database\\Connection->run('select * from `...', Array, Object(Closure))
#12 C:\\xampp\\htdocs\\BlackCart\\vendor\\laravel\\framework\\src\\Illuminate\\Database\\Query\\Builder.php(2350): Illuminate\\Database\\Connection->select('select * from `...', Array, true)
#13 C:\\xampp\\htdocs\\BlackCart\\vendor\\laravel\\framework\\src\\Illuminate\\Database\\Query\\Builder.php(2338): Illuminate\\Database\\Query\\Builder->runSelect()
#14 C:\\xampp\\htdocs\\BlackCart\\vendor\\laravel\\framework\\src\\Illuminate\\Database\\Query\\Builder.php(2872): Illuminate\\Database\\Query\\Builder->Illuminate\\Database\\Query\\{closure}()
#15 C:\\xampp\\htdocs\\BlackCart\\vendor\\laravel\\framework\\src\\Illuminate\\Database\\Query\\Builder.php(2339): Illuminate\\Database\\Query\\Builder->onceWithColumns(Array, Object(Closure))
#16 C:\\xampp\\htdocs\\BlackCart\\vendor\\laravel\\framework\\src\\Illuminate\\Database\\Eloquent\\Builder.php(615): Illuminate\\Database\\Query\\Builder->get(Array)
#17 C:\\xampp\\htdocs\\BlackCart\\vendor\\laravel\\framework\\src\\Illuminate\\Database\\Eloquent\\Builder.php(599): Illuminate\\Database\\Eloquent\\Builder->getModels(Array)
#18 C:\\xampp\\htdocs\\BlackCart\\vendor\\laravel\\framework\\src\\Illuminate\\Support\\Traits\\ForwardsCalls.php(23): Illuminate\\Database\\Eloquent\\Builder->get()
#19 C:\\xampp\\htdocs\\BlackCart\\vendor\\laravel\\framework\\src\\Illuminate\\Database\\Eloquent\\Model.php(2091): Illuminate\\Database\\Eloquent\\Model->forwardCallTo(Object(Illuminate\\Database\\Eloquent\\Builder), 'get', Array)
#20 C:\\xampp\\htdocs\\BlackCart\\vendor\\laravel\\framework\\src\\Illuminate\\Database\\Eloquent\\Model.php(2103): Illuminate\\Database\\Eloquent\\Model->__call('get', Array)
#21 C:\\xampp\\htdocs\\BlackCart\\vendor\\black-cart\\core\\src\\Admin\\Models\\AdminConfig.php(122): Illuminate\\Database\\Eloquent\\Model::__callStatic('get', Array)
#22 C:\\xampp\\htdocs\\BlackCart\\vendor\\black-cart\\core\\src\\Library\\Helpers\\system.php(41): BlackCart\\Core\\Admin\\Models\\AdminConfig::getAllConfigOfStore(NULL)
#23 C:\\xampp\\htdocs\\BlackCart\\app\\Plugins\\Other\\ProductSale\\Provider.php(7): bc_config('ProductSale')
#24 C:\\xampp\\htdocs\\BlackCart\\vendor\\black-cart\\core\\src\\BlackCartServiceProvider.php(56): require_once('C:\\\\xampp\\\\htdocs...')
#25 C:\\xampp\\htdocs\\BlackCart\\vendor\\laravel\\framework\\src\\Illuminate\\Container\\BoundMethod.php(36): BlackCart\\Core\\BlackCartServiceProvider->boot()
#26 C:\\xampp\\htdocs\\BlackCart\\vendor\\laravel\\framework\\src\\Illuminate\\Container\\Util.php(40): Illuminate\\Container\\BoundMethod::Illuminate\\Container\\{closure}()
#27 C:\\xampp\\htdocs\\BlackCart\\vendor\\laravel\\framework\\src\\Illuminate\\Container\\BoundMethod.php(93): Illuminate\\Container\\Util::unwrapIfClosure(Object(Closure))
#28 C:\\xampp\\htdocs\\BlackCart\\vendor\\laravel\\framework\\src\\Illuminate\\Container\\BoundMethod.php(37): Illuminate\\Container\\BoundMethod::callBoundMethod(Object(Illuminate\\Foundation\\Application), Array, Object(Closure))
#29 C:\\xampp\\htdocs\\BlackCart\\vendor\\laravel\\framework\\src\\Illuminate\\Container\\Container.php(651): Illuminate\\Container\\BoundMethod::call(Object(Illuminate\\Foundation\\Application), Array, Array, NULL)
#30 C:\\xampp\\htdocs\\BlackCart\\vendor\\laravel\\framework\\src\\Illuminate\\Foundation\\Application.php(914): Illuminate\\Container\\Container->call(Array)
#31 C:\\xampp\\htdocs\\BlackCart\\vendor\\laravel\\framework\\src\\Illuminate\\Foundation\\Application.php(895): Illuminate\\Foundation\\Application->bootProvider(Object(BlackCart\\Core\\BlackCartServiceProvider))
#32 [internal function]: Illuminate\\Foundation\\Application->Illuminate\\Foundation\\{closure}(Object(BlackCart\\Core\\BlackCartServiceProvider), 17)
#33 C:\\xampp\\htdocs\\BlackCart\\vendor\\laravel\\framework\\src\\Illuminate\\Foundation\\Application.php(896): array_walk(Array, Object(Closure))
#34 C:\\xampp\\htdocs\\BlackCart\\vendor\\laravel\\framework\\src\\Illuminate\\Foundation\\Bootstrap\\BootProviders.php(17): Illuminate\\Foundation\\Application->boot()
#35 C:\\xampp\\htdocs\\BlackCart\\vendor\\laravel\\framework\\src\\Illuminate\\Foundation\\Application.php(237): Illuminate\\Foundation\\Bootstrap\\BootProviders->bootstrap(Object(Illuminate\\Foundation\\Application))
#36 C:\\xampp\\htdocs\\BlackCart\\vendor\\laravel\\framework\\src\\Illuminate\\Foundation\\Http\\Kernel.php(152): Illuminate\\Foundation\\Application->bootstrapWith(Array)
#37 C:\\xampp\\htdocs\\BlackCart\\vendor\\laravel\\framework\\src\\Illuminate\\Foundation\\Http\\Kernel.php(136): Illuminate\\Foundation\\Http\\Kernel->bootstrap()
#38 C:\\xampp\\htdocs\\BlackCart\\vendor\\laravel\\framework\\src\\Illuminate\\Foundation\\Http\\Kernel.php(110): Illuminate\\Foundation\\Http\\Kernel->sendRequestThroughRouter(Object(Illuminate\\Http\\Request))
#39 C:\\xampp\\htdocs\\BlackCart\\public\\index.php(82): Illuminate\\Foundation\\Http\\Kernel->handle(Object(Illuminate\\Http\\Request))
#40 {main}
"} 
